Determining if the include file byteswap.h exists failed with the following output:
Change Dir: C:/Users/nfgol/ITU_GProg/SkullBasherTD/SRE_project/thirdparty/All/libsndfile_build/CMakeFiles/CMakeTmp

Run Build Command(s):C:/Program Files (x86)/Microsoft Visual Studio/2019/Community/MSBuild/Current/Bin/MSBuild.exe cmTC_aa4c3.vcxproj /p:Configuration=Debug /p:Platform=Win32 /p:VisualStudioVersion=16.0 /v:m && Microsoft (R) Build Engine version 16.7.0+b89cb5fde for .NET Framework
Copyright (C) Microsoft Corporation. All rights reserved.

  Microsoft (R) C/C++ Optimizing Compiler Version 19.27.29112 for x86
  CheckIncludeFile.c
  Copyright (C) Microsoft Corporation.  All rights reserved.
  cl /c /Zi /W3 /WX- /diagnostics:column /Od /Ob0 /Oy- /D WIN32 /D _WINDOWS /D "CMAKE_INTDIR=\"Debug\"" /D _MBCS /Gm- /RTC1 /MDd /GS /fp:precise /Zc:wchar_t /Zc:forScope /Zc:inline /Fo"cmTC_aa4c3.dir\Debug\\" /Fd"cmTC_aa4c3.dir\Debug\vc142.pdb" /Gd /TC /analyze- /errorReport:queue C:\Users\nfgol\ITU_GProg\SkullBasherTD\SRE_project\thirdparty\All\libsndfile_build\CMakeFiles\CMakeTmp\CheckIncludeFile.c
C:\Users\nfgol\ITU_GProg\SkullBasherTD\SRE_project\thirdparty\All\libsndfile_build\CMakeFiles\CMakeTmp\CheckIncludeFile.c(1,10): fatal error C1083: Cannot open include file: 'byteswap.h': No such file or directory [C:\Users\nfgol\ITU_GProg\SkullBasherTD\SRE_project\thirdparty\All\libsndfile_build\CMakeFiles\CMakeTmp\cmTC_aa4c3.vcxproj]



Determining if the include file dlfcn.h exists failed with the following output:
Change Dir: C:/Users/nfgol/ITU_GProg/SkullBasherTD/SRE_project/thirdparty/All/libsndfile_build/CMakeFiles/CMakeTmp

Run Build Command(s):C:/Program Files (x86)/Microsoft Visual Studio/2019/Community/MSBuild/Current/Bin/MSBuild.exe cmTC_9bc54.vcxproj /p:Configuration=Debug /p:Platform=Win32 /p:VisualStudioVersion=16.0 /v:m && Microsoft (R) Build Engine version 16.7.0+b89cb5fde for .NET Framework
Copyright (C) Microsoft Corporation. All rights reserved.

  Microsoft (R) C/C++ Optimizing Compiler Version 19.27.29112 for x86
  CheckIncludeFile.c
  Copyright (C) Microsoft Corporation.  All rights reserved.
  cl /c /Zi /W3 /WX- /diagnostics:column /Od /Ob0 /Oy- /D WIN32 /D _WINDOWS /D "CMAKE_INTDIR=\"Debug\"" /D _MBCS /Gm- /RTC1 /MDd /GS /fp:precise /Zc:wchar_t /Zc:forScope /Zc:inline /Fo"cmTC_9bc54.dir\Debug\\" /Fd"cmTC_9bc54.dir\Debug\vc142.pdb" /Gd /TC /analyze- /errorReport:queue C:\Users\nfgol\ITU_GProg\SkullBasherTD\SRE_project\thirdparty\All\libsndfile_build\CMakeFiles\CMakeTmp\CheckIncludeFile.c
C:\Users\nfgol\ITU_GProg\SkullBasherTD\SRE_project\thirdparty\All\libsndfile_build\CMakeFiles\CMakeTmp\CheckIncludeFile.c(1,10): fatal error C1083: Cannot open include file: 'dlfcn.h': No such file or directory [C:\Users\nfgol\ITU_GProg\SkullBasherTD\SRE_project\thirdparty\All\libsndfile_build\CMakeFiles\CMakeTmp\cmTC_9bc54.vcxproj]



Determining if the include file endian.h exists failed with the following output:
Change Dir: C:/Users/nfgol/ITU_GProg/SkullBasherTD/SRE_project/thirdparty/All/libsndfile_build/CMakeFiles/CMakeTmp

Run Build Command(s):C:/Program Files (x86)/Microsoft Visual Studio/2019/Community/MSBuild/Current/Bin/MSBuild.exe cmTC_1c000.vcxproj /p:Configuration=Debug /p:Platform=Win32 /p:VisualStudioVersion=16.0 /v:m && Microsoft (R) Build Engine version 16.7.0+b89cb5fde for .NET Framework
Copyright (C) Microsoft Corporation. All rights reserved.

  Microsoft (R) C/C++ Optimizing Compiler Version 19.27.29112 for x86
  CheckIncludeFile.c
  Copyright (C) Microsoft Corporation.  All rights reserved.
  cl /c /Zi /W3 /WX- /diagnostics:column /Od /Ob0 /Oy- /D WIN32 /D _WINDOWS /D "CMAKE_INTDIR=\"Debug\"" /D _MBCS /Gm- /RTC1 /MDd /GS /fp:precise /Zc:wchar_t /Zc:forScope /Zc:inline /Fo"cmTC_1c000.dir\Debug\\" /Fd"cmTC_1c000.dir\Debug\vc142.pdb" /Gd /TC /analyze- /errorReport:queue C:\Users\nfgol\ITU_GProg\SkullBasherTD\SRE_project\thirdparty\All\libsndfile_build\CMakeFiles\CMakeTmp\CheckIncludeFile.c
C:\Users\nfgol\ITU_GProg\SkullBasherTD\SRE_project\thirdparty\All\libsndfile_build\CMakeFiles\CMakeTmp\CheckIncludeFile.c(1,10): fatal error C1083: Cannot open include file: 'endian.h': No such file or directory [C:\Users\nfgol\ITU_GProg\SkullBasherTD\SRE_project\thirdparty\All\libsndfile_build\CMakeFiles\CMakeTmp\cmTC_1c000.vcxproj]



Determining if the include file sys/time.h exists failed with the following output:
Change Dir: C:/Users/nfgol/ITU_GProg/SkullBasherTD/SRE_project/thirdparty/All/libsndfile_build/CMakeFiles/CMakeTmp

Run Build Command(s):C:/Program Files (x86)/Microsoft Visual Studio/2019/Community/MSBuild/Current/Bin/MSBuild.exe cmTC_04ebc.vcxproj /p:Configuration=Debug /p:Platform=Win32 /p:VisualStudioVersion=16.0 /v:m && Microsoft (R) Build Engine version 16.7.0+b89cb5fde for .NET Framework
Copyright (C) Microsoft Corporation. All rights reserved.

  Microsoft (R) C/C++ Optimizing Compiler Version 19.27.29112 for x86
  CheckIncludeFile.c
  Copyright (C) Microsoft Corporation.  All rights reserved.
  cl /c /Zi /W3 /WX- /diagnostics:column /Od /Ob0 /Oy- /D WIN32 /D _WINDOWS /D "CMAKE_INTDIR=\"Debug\"" /D _MBCS /Gm- /RTC1 /MDd /GS /fp:precise /Zc:wchar_t /Zc:forScope /Zc:inline /Fo"cmTC_04ebc.dir\Debug\\" /Fd"cmTC_04ebc.dir\Debug\vc142.pdb" /Gd /TC /analyze- /errorReport:queue C:\Users\nfgol\ITU_GProg\SkullBasherTD\SRE_project\thirdparty\All\libsndfile_build\CMakeFiles\CMakeTmp\CheckIncludeFile.c
C:\Users\nfgol\ITU_GProg\SkullBasherTD\SRE_project\thirdparty\All\libsndfile_build\CMakeFiles\CMakeTmp\CheckIncludeFile.c(1,10): fatal error C1083: Cannot open include file: 'sys/time.h': No such file or directory [C:\Users\nfgol\ITU_GProg\SkullBasherTD\SRE_project\thirdparty\All\libsndfile_build\CMakeFiles\CMakeTmp\cmTC_04ebc.vcxproj]



Determining if the include file unistd.h exists failed with the following output:
Change Dir: C:/Users/nfgol/ITU_GProg/SkullBasherTD/SRE_project/thirdparty/All/libsndfile_build/CMakeFiles/CMakeTmp

Run Build Command(s):C:/Program Files (x86)/Microsoft Visual Studio/2019/Community/MSBuild/Current/Bin/MSBuild.exe cmTC_f93b0.vcxproj /p:Configuration=Debug /p:Platform=Win32 /p:VisualStudioVersion=16.0 /v:m && Microsoft (R) Build Engine version 16.7.0+b89cb5fde for .NET Framework
Copyright (C) Microsoft Corporation. All rights reserved.

  Microsoft (R) C/C++ Optimizing Compiler Version 19.27.29112 for x86
  CheckIncludeFile.c
  Copyright (C) Microsoft Corporation.  All rights reserved.
  cl /c /Zi /W3 /WX- /diagnostics:column /Od /Ob0 /Oy- /D WIN32 /D _WINDOWS /D "CMAKE_INTDIR=\"Debug\"" /D _MBCS /Gm- /RTC1 /MDd /GS /fp:precise /Zc:wchar_t /Zc:forScope /Zc:inline /Fo"cmTC_f93b0.dir\Debug\\" /Fd"cmTC_f93b0.dir\Debug\vc142.pdb" /Gd /TC /analyze- /errorReport:queue C:\Users\nfgol\ITU_GProg\SkullBasherTD\SRE_project\thirdparty\All\libsndfile_build\CMakeFiles\CMakeTmp\CheckIncludeFile.c
C:\Users\nfgol\ITU_GProg\SkullBasherTD\SRE_project\thirdparty\All\libsndfile_build\CMakeFiles\CMakeTmp\CheckIncludeFile.c(1,10): fatal error C1083: Cannot open include file: 'unistd.h': No such file or directory [C:\Users\nfgol\ITU_GProg\SkullBasherTD\SRE_project\thirdparty\All\libsndfile_build\CMakeFiles\CMakeTmp\cmTC_f93b0.vcxproj]



Determining if the include file sys/wait.h exists failed with the following output:
Change Dir: C:/Users/nfgol/ITU_GProg/SkullBasherTD/SRE_project/thirdparty/All/libsndfile_build/CMakeFiles/CMakeTmp

Run Build Command(s):C:/Program Files (x86)/Microsoft Visual Studio/2019/Community/MSBuild/Current/Bin/MSBuild.exe cmTC_0c0c8.vcxproj /p:Configuration=Debug /p:Platform=Win32 /p:VisualStudioVersion=16.0 /v:m && Microsoft (R) Build Engine version 16.7.0+b89cb5fde for .NET Framework
Copyright (C) Microsoft Corporation. All rights reserved.

  Microsoft (R) C/C++ Optimizing Compiler Version 19.27.29112 for x86
  CheckIncludeFile.c
  Copyright (C) Microsoft Corporation.  All rights reserved.
  cl /c /Zi /W3 /WX- /diagnostics:column /Od /Ob0 /Oy- /D WIN32 /D _WINDOWS /D "CMAKE_INTDIR=\"Debug\"" /D _MBCS /Gm- /RTC1 /MDd /GS /fp:precise /Zc:wchar_t /Zc:forScope /Zc:inline /Fo"cmTC_0c0c8.dir\Debug\\" /Fd"cmTC_0c0c8.dir\Debug\vc142.pdb" /Gd /TC /analyze- /errorReport:queue C:\Users\nfgol\ITU_GProg\SkullBasherTD\SRE_project\thirdparty\All\libsndfile_build\CMakeFiles\CMakeTmp\CheckIncludeFile.c
C:\Users\nfgol\ITU_GProg\SkullBasherTD\SRE_project\thirdparty\All\libsndfile_build\CMakeFiles\CMakeTmp\CheckIncludeFile.c(1,10): fatal error C1083: Cannot open include file: 'sys/wait.h': No such file or directory [C:\Users\nfgol\ITU_GProg\SkullBasherTD\SRE_project\thirdparty\All\libsndfile_build\CMakeFiles\CMakeTmp\cmTC_0c0c8.vcxproj]



Determining size of ssize_t failed with the following output:
Change Dir: C:/Users/nfgol/ITU_GProg/SkullBasherTD/SRE_project/thirdparty/All/libsndfile_build/CMakeFiles/CMakeTmp

Run Build Command(s):C:/Program Files (x86)/Microsoft Visual Studio/2019/Community/MSBuild/Current/Bin/MSBuild.exe cmTC_c58ab.vcxproj /p:Configuration=Debug /p:Platform=Win32 /p:VisualStudioVersion=16.0 /v:m && Microsoft (R) Build Engine version 16.7.0+b89cb5fde for .NET Framework
Copyright (C) Microsoft Corporation. All rights reserved.

  Microsoft (R) C/C++ Optimizing Compiler Version 19.27.29112 for x86
  SIZEOF_SSIZE_T.c
  Copyright (C) Microsoft Corporation.  All rights reserved.
  cl /c /Zi /W3 /WX- /diagnostics:column /Od /Ob0 /Oy- /D WIN32 /D _WINDOWS /D "CMAKE_INTDIR=\"Debug\"" /D _MBCS /Gm- /RTC1 /MDd /GS /fp:precise /Zc:wchar_t /Zc:forScope /Zc:inline /Fo"cmTC_c58ab.dir\Debug\\" /Fd"cmTC_c58ab.dir\Debug\vc142.pdb" /Gd /TC /analyze- /errorReport:queue C:\Users\nfgol\ITU_GProg\SkullBasherTD\SRE_project\thirdparty\All\libsndfile_build\CMakeFiles\CheckTypeSize\SIZEOF_SSIZE_T.c
C:\Users\nfgol\ITU_GProg\SkullBasherTD\SRE_project\thirdparty\All\libsndfile_build\CMakeFiles\CheckTypeSize\SIZEOF_SSIZE_T.c(29,12): error C2065: 'ssize_t': undeclared identifier [C:\Users\nfgol\ITU_GProg\SkullBasherTD\SRE_project\thirdparty\All\libsndfile_build\CMakeFiles\CMakeTmp\cmTC_c58ab.vcxproj]
C:\Users\nfgol\ITU_GProg\SkullBasherTD\SRE_project\thirdparty\All\libsndfile_build\CMakeFiles\CheckTypeSize\SIZEOF_SSIZE_T.c(30,12): error C2065: 'ssize_t': undeclared identifier [C:\Users\nfgol\ITU_GProg\SkullBasherTD\SRE_project\thirdparty\All\libsndfile_build\CMakeFiles\CMakeTmp\cmTC_c58ab.vcxproj]
C:\Users\nfgol\ITU_GProg\SkullBasherTD\SRE_project\thirdparty\All\libsndfile_build\CMakeFiles\CheckTypeSize\SIZEOF_SSIZE_T.c(31,12): error C2065: 'ssize_t': undeclared identifier [C:\Users\nfgol\ITU_GProg\SkullBasherTD\SRE_project\thirdparty\All\libsndfile_build\CMakeFiles\CMakeTmp\cmTC_c58ab.vcxproj]
C:\Users\nfgol\ITU_GProg\SkullBasherTD\SRE_project\thirdparty\All\libsndfile_build\CMakeFiles\CheckTypeSize\SIZEOF_SSIZE_T.c(32,12): error C2065: 'ssize_t': undeclared identifier [C:\Users\nfgol\ITU_GProg\SkullBasherTD\SRE_project\thirdparty\All\libsndfile_build\CMakeFiles\CMakeTmp\cmTC_c58ab.vcxproj]
C:\Users\nfgol\ITU_GProg\SkullBasherTD\SRE_project\thirdparty\All\libsndfile_build\CMakeFiles\CheckTypeSize\SIZEOF_SSIZE_T.c(33,12): error C2065: 'ssize_t': undeclared identifier [C:\Users\nfgol\ITU_GProg\SkullBasherTD\SRE_project\thirdparty\All\libsndfile_build\CMakeFiles\CMakeTmp\cmTC_c58ab.vcxproj]


C:/Users/nfgol/ITU_GProg/SkullBasherTD/SRE_project/thirdparty/All/libsndfile_build/CMakeFiles/CheckTypeSize/SIZEOF_SSIZE_T.c:
#include <sys/types.h>
#include <stdint.h>
#include <stddef.h>


#undef KEY
#if defined(__i386)
# define KEY '_','_','i','3','8','6'
#elif defined(__x86_64)
# define KEY '_','_','x','8','6','_','6','4'
#elif defined(__PPC64__)
# define KEY '_','_','P','P','C','6','4','_','_'
#elif defined(__ppc64__)
# define KEY '_','_','p','p','c','6','4','_','_'
#elif defined(__PPC__)
# define KEY '_','_','P','P','C','_','_'
#elif defined(__ppc__)
# define KEY '_','_','p','p','c','_','_'
#elif defined(__aarch64__)
# define KEY '_','_','a','a','r','c','h','6','4','_','_'
#elif defined(__ARM_ARCH_7A__)
# define KEY '_','_','A','R','M','_','A','R','C','H','_','7','A','_','_'
#elif defined(__ARM_ARCH_7S__)
# define KEY '_','_','A','R','M','_','A','R','C','H','_','7','S','_','_'
#endif

#define SIZE (sizeof(ssize_t))
static char info_size[] =  {'I', 'N', 'F', 'O', ':', 's','i','z','e','[',
  ('0' + ((SIZE / 10000)%10)),
  ('0' + ((SIZE / 1000)%10)),
  ('0' + ((SIZE / 100)%10)),
  ('0' + ((SIZE / 10)%10)),
  ('0' +  (SIZE    % 10)),
  ']',
#ifdef KEY
  ' ','k','e','y','[', KEY, ']',
#endif
  '\0'};

#ifdef __CLASSIC_C__
int main(argc, argv) int argc; char *argv[];
#else
int main(int argc, char *argv[])
#endif
{
  int require = 0;
  require += info_size[argc];
  (void)argv;
  return require;
}


Determining if the function sqlite3_close exists in the sqlite3 failed with the following output:
Change Dir: C:/Users/nfgol/ITU_GProg/SkullBasherTD/SRE_project/thirdparty/All/libsndfile_build/CMakeFiles/CMakeTmp

Run Build Command(s):C:/Program Files (x86)/Microsoft Visual Studio/2019/Community/MSBuild/Current/Bin/MSBuild.exe cmTC_2fc98.vcxproj /p:Configuration=Debug /p:Platform=Win32 /p:VisualStudioVersion=16.0 /v:m && Microsoft (R) Build Engine version 16.7.0+b89cb5fde for .NET Framework
Copyright (C) Microsoft Corporation. All rights reserved.

  Microsoft (R) C/C++ Optimizing Compiler Version 19.27.29112 for x86
  CheckFunctionExists.c
  Copyright (C) Microsoft Corporation.  All rights reserved.
  cl /c /Zi /W3 /WX- /diagnostics:column /Od /Ob0 /Oy- /D WIN32 /D _WINDOWS /D CHECK_FUNCTION_EXISTS=sqlite3_close /D "CMAKE_INTDIR=\"Debug\"" /D _MBCS /Gm- /RTC1 /MDd /GS /fp:precise /Zc:wchar_t /Zc:forScope /Zc:inline /Fo"cmTC_2fc98.dir\Debug\\" /Fd"cmTC_2fc98.dir\Debug\vc142.pdb" /Gd /TC /analyze- /errorReport:queue "C:\Program Files\CMake\share\cmake-3.19\Modules\CheckFunctionExists.c"
LINK : fatal error LNK1104: cannot open file 'sqlite3.lib' [C:\Users\nfgol\ITU_GProg\SkullBasherTD\SRE_project\thirdparty\All\libsndfile_build\CMakeFiles\CMakeTmp\cmTC_2fc98.vcxproj]



Determining if the function fstat64 exists failed with the following output:
Change Dir: C:/Users/nfgol/ITU_GProg/SkullBasherTD/SRE_project/thirdparty/All/libsndfile_build/CMakeFiles/CMakeTmp

Run Build Command(s):C:/Program Files (x86)/Microsoft Visual Studio/2019/Community/MSBuild/Current/Bin/MSBuild.exe cmTC_a8c07.vcxproj /p:Configuration=Debug /p:Platform=Win32 /p:VisualStudioVersion=16.0 /v:m && Microsoft (R) Build Engine version 16.7.0+b89cb5fde for .NET Framework
Copyright (C) Microsoft Corporation. All rights reserved.

  Microsoft (R) C/C++ Optimizing Compiler Version 19.27.29112 for x86
  CheckFunctionExists.c
  Copyright (C) Microsoft Corporation.  All rights reserved.
  cl /c /Zi /W3 /WX- /diagnostics:column /Od /Ob0 /Oy- /D WIN32 /D _WINDOWS /D CHECK_FUNCTION_EXISTS=fstat64 /D "CMAKE_INTDIR=\"Debug\"" /D _MBCS /Gm- /RTC1 /MDd /GS /fp:precise /Zc:wchar_t /Zc:forScope /Zc:inline /Fo"cmTC_a8c07.dir\Debug\\" /Fd"cmTC_a8c07.dir\Debug\vc142.pdb" /Gd /TC /analyze- /errorReport:queue "C:\Program Files\CMake\share\cmake-3.19\Modules\CheckFunctionExists.c"
CheckFunctionExists.obj : error LNK2019: unresolved external symbol _fstat64 referenced in function _main [C:\Users\nfgol\ITU_GProg\SkullBasherTD\SRE_project\thirdparty\All\libsndfile_build\CMakeFiles\CMakeTmp\cmTC_a8c07.vcxproj]
C:\Users\nfgol\ITU_GProg\SkullBasherTD\SRE_project\thirdparty\All\libsndfile_build\CMakeFiles\CMakeTmp\Debug\cmTC_a8c07.exe : fatal error LNK1120: 1 unresolved externals [C:\Users\nfgol\ITU_GProg\SkullBasherTD\SRE_project\thirdparty\All\libsndfile_build\CMakeFiles\CMakeTmp\cmTC_a8c07.vcxproj]



Determining if the function gettimeofday exists failed with the following output:
Change Dir: C:/Users/nfgol/ITU_GProg/SkullBasherTD/SRE_project/thirdparty/All/libsndfile_build/CMakeFiles/CMakeTmp

Run Build Command(s):C:/Program Files (x86)/Microsoft Visual Studio/2019/Community/MSBuild/Current/Bin/MSBuild.exe cmTC_9f71f.vcxproj /p:Configuration=Debug /p:Platform=Win32 /p:VisualStudioVersion=16.0 /v:m && Microsoft (R) Build Engine version 16.7.0+b89cb5fde for .NET Framework
Copyright (C) Microsoft Corporation. All rights reserved.

  Microsoft (R) C/C++ Optimizing Compiler Version 19.27.29112 for x86
  CheckFunctionExists.c
  Copyright (C) Microsoft Corporation.  All rights reserved.
  cl /c /Zi /W3 /WX- /diagnostics:column /Od /Ob0 /Oy- /D WIN32 /D _WINDOWS /D CHECK_FUNCTION_EXISTS=gettimeofday /D "CMAKE_INTDIR=\"Debug\"" /D _MBCS /Gm- /RTC1 /MDd /GS /fp:precise /Zc:wchar_t /Zc:forScope /Zc:inline /Fo"cmTC_9f71f.dir\Debug\\" /Fd"cmTC_9f71f.dir\Debug\vc142.pdb" /Gd /TC /analyze- /errorReport:queue "C:\Program Files\CMake\share\cmake-3.19\Modules\CheckFunctionExists.c"
CheckFunctionExists.obj : error LNK2019: unresolved external symbol _gettimeofday referenced in function _main [C:\Users\nfgol\ITU_GProg\SkullBasherTD\SRE_project\thirdparty\All\libsndfile_build\CMakeFiles\CMakeTmp\cmTC_9f71f.vcxproj]
C:\Users\nfgol\ITU_GProg\SkullBasherTD\SRE_project\thirdparty\All\libsndfile_build\CMakeFiles\CMakeTmp\Debug\cmTC_9f71f.exe : fatal error LNK1120: 1 unresolved externals [C:\Users\nfgol\ITU_GProg\SkullBasherTD\SRE_project\thirdparty\All\libsndfile_build\CMakeFiles\CMakeTmp\cmTC_9f71f.vcxproj]



Determining if the function gmtime_r exists failed with the following output:
Change Dir: C:/Users/nfgol/ITU_GProg/SkullBasherTD/SRE_project/thirdparty/All/libsndfile_build/CMakeFiles/CMakeTmp

Run Build Command(s):C:/Program Files (x86)/Microsoft Visual Studio/2019/Community/MSBuild/Current/Bin/MSBuild.exe cmTC_39354.vcxproj /p:Configuration=Debug /p:Platform=Win32 /p:VisualStudioVersion=16.0 /v:m && Microsoft (R) Build Engine version 16.7.0+b89cb5fde for .NET Framework
Copyright (C) Microsoft Corporation. All rights reserved.

  Microsoft (R) C/C++ Optimizing Compiler Version 19.27.29112 for x86
  CheckFunctionExists.c
  Copyright (C) Microsoft Corporation.  All rights reserved.
  cl /c /Zi /W3 /WX- /diagnostics:column /Od /Ob0 /Oy- /D WIN32 /D _WINDOWS /D CHECK_FUNCTION_EXISTS=gmtime_r /D "CMAKE_INTDIR=\"Debug\"" /D _MBCS /Gm- /RTC1 /MDd /GS /fp:precise /Zc:wchar_t /Zc:forScope /Zc:inline /Fo"cmTC_39354.dir\Debug\\" /Fd"cmTC_39354.dir\Debug\vc142.pdb" /Gd /TC /analyze- /errorReport:queue "C:\Program Files\CMake\share\cmake-3.19\Modules\CheckFunctionExists.c"
CheckFunctionExists.obj : error LNK2019: unresolved external symbol _gmtime_r referenced in function _main [C:\Users\nfgol\ITU_GProg\SkullBasherTD\SRE_project\thirdparty\All\libsndfile_build\CMakeFiles\CMakeTmp\cmTC_39354.vcxproj]
C:\Users\nfgol\ITU_GProg\SkullBasherTD\SRE_project\thirdparty\All\libsndfile_build\CMakeFiles\CMakeTmp\Debug\cmTC_39354.exe : fatal error LNK1120: 1 unresolved externals [C:\Users\nfgol\ITU_GProg\SkullBasherTD\SRE_project\thirdparty\All\libsndfile_build\CMakeFiles\CMakeTmp\cmTC_39354.vcxproj]



Determining if the function localtime_r exists failed with the following output:
Change Dir: C:/Users/nfgol/ITU_GProg/SkullBasherTD/SRE_project/thirdparty/All/libsndfile_build/CMakeFiles/CMakeTmp

Run Build Command(s):C:/Program Files (x86)/Microsoft Visual Studio/2019/Community/MSBuild/Current/Bin/MSBuild.exe cmTC_e0732.vcxproj /p:Configuration=Debug /p:Platform=Win32 /p:VisualStudioVersion=16.0 /v:m && Microsoft (R) Build Engine version 16.7.0+b89cb5fde for .NET Framework
Copyright (C) Microsoft Corporation. All rights reserved.

  Microsoft (R) C/C++ Optimizing Compiler Version 19.27.29112 for x86
  CheckFunctionExists.c
  Copyright (C) Microsoft Corporation.  All rights reserved.
  cl /c /Zi /W3 /WX- /diagnostics:column /Od /Ob0 /Oy- /D WIN32 /D _WINDOWS /D CHECK_FUNCTION_EXISTS=localtime_r /D "CMAKE_INTDIR=\"Debug\"" /D _MBCS /Gm- /RTC1 /MDd /GS /fp:precise /Zc:wchar_t /Zc:forScope /Zc:inline /Fo"cmTC_e0732.dir\Debug\\" /Fd"cmTC_e0732.dir\Debug\vc142.pdb" /Gd /TC /analyze- /errorReport:queue "C:\Program Files\CMake\share\cmake-3.19\Modules\CheckFunctionExists.c"
CheckFunctionExists.obj : error LNK2019: unresolved external symbol _localtime_r referenced in function _main [C:\Users\nfgol\ITU_GProg\SkullBasherTD\SRE_project\thirdparty\All\libsndfile_build\CMakeFiles\CMakeTmp\cmTC_e0732.vcxproj]
C:\Users\nfgol\ITU_GProg\SkullBasherTD\SRE_project\thirdparty\All\libsndfile_build\CMakeFiles\CMakeTmp\Debug\cmTC_e0732.exe : fatal error LNK1120: 1 unresolved externals [C:\Users\nfgol\ITU_GProg\SkullBasherTD\SRE_project\thirdparty\All\libsndfile_build\CMakeFiles\CMakeTmp\cmTC_e0732.vcxproj]



Determining if the function pipe exists failed with the following output:
Change Dir: C:/Users/nfgol/ITU_GProg/SkullBasherTD/SRE_project/thirdparty/All/libsndfile_build/CMakeFiles/CMakeTmp

Run Build Command(s):C:/Program Files (x86)/Microsoft Visual Studio/2019/Community/MSBuild/Current/Bin/MSBuild.exe cmTC_04b34.vcxproj /p:Configuration=Debug /p:Platform=Win32 /p:VisualStudioVersion=16.0 /v:m && Microsoft (R) Build Engine version 16.7.0+b89cb5fde for .NET Framework
Copyright (C) Microsoft Corporation. All rights reserved.

  Microsoft (R) C/C++ Optimizing Compiler Version 19.27.29112 for x86
  CheckFunctionExists.c
  Copyright (C) Microsoft Corporation.  All rights reserved.
  cl /c /Zi /W3 /WX- /diagnostics:column /Od /Ob0 /Oy- /D WIN32 /D _WINDOWS /D CHECK_FUNCTION_EXISTS=pipe /D "CMAKE_INTDIR=\"Debug\"" /D _MBCS /Gm- /RTC1 /MDd /GS /fp:precise /Zc:wchar_t /Zc:forScope /Zc:inline /Fo"cmTC_04b34.dir\Debug\\" /Fd"cmTC_04b34.dir\Debug\vc142.pdb" /Gd /TC /analyze- /errorReport:queue "C:\Program Files\CMake\share\cmake-3.19\Modules\CheckFunctionExists.c"
CheckFunctionExists.obj : error LNK2019: unresolved external symbol _pipe referenced in function _main [C:\Users\nfgol\ITU_GProg\SkullBasherTD\SRE_project\thirdparty\All\libsndfile_build\CMakeFiles\CMakeTmp\cmTC_04b34.vcxproj]
C:\Users\nfgol\ITU_GProg\SkullBasherTD\SRE_project\thirdparty\All\libsndfile_build\CMakeFiles\CMakeTmp\Debug\cmTC_04b34.exe : fatal error LNK1120: 1 unresolved externals [C:\Users\nfgol\ITU_GProg\SkullBasherTD\SRE_project\thirdparty\All\libsndfile_build\CMakeFiles\CMakeTmp\cmTC_04b34.vcxproj]



Determining if the function waitpid exists failed with the following output:
Change Dir: C:/Users/nfgol/ITU_GProg/SkullBasherTD/SRE_project/thirdparty/All/libsndfile_build/CMakeFiles/CMakeTmp

Run Build Command(s):C:/Program Files (x86)/Microsoft Visual Studio/2019/Community/MSBuild/Current/Bin/MSBuild.exe cmTC_f7f8a.vcxproj /p:Configuration=Debug /p:Platform=Win32 /p:VisualStudioVersion=16.0 /v:m && Microsoft (R) Build Engine version 16.7.0+b89cb5fde for .NET Framework
Copyright (C) Microsoft Corporation. All rights reserved.

  Microsoft (R) C/C++ Optimizing Compiler Version 19.27.29112 for x86
  CheckFunctionExists.c
  Copyright (C) Microsoft Corporation.  All rights reserved.
  cl /c /Zi /W3 /WX- /diagnostics:column /Od /Ob0 /Oy- /D WIN32 /D _WINDOWS /D CHECK_FUNCTION_EXISTS=waitpid /D "CMAKE_INTDIR=\"Debug\"" /D _MBCS /Gm- /RTC1 /MDd /GS /fp:precise /Zc:wchar_t /Zc:forScope /Zc:inline /Fo"cmTC_f7f8a.dir\Debug\\" /Fd"cmTC_f7f8a.dir\Debug\vc142.pdb" /Gd /TC /analyze- /errorReport:queue "C:\Program Files\CMake\share\cmake-3.19\Modules\CheckFunctionExists.c"
CheckFunctionExists.obj : error LNK2019: unresolved external symbol _waitpid referenced in function _main [C:\Users\nfgol\ITU_GProg\SkullBasherTD\SRE_project\thirdparty\All\libsndfile_build\CMakeFiles\CMakeTmp\cmTC_f7f8a.vcxproj]
C:\Users\nfgol\ITU_GProg\SkullBasherTD\SRE_project\thirdparty\All\libsndfile_build\CMakeFiles\CMakeTmp\Debug\cmTC_f7f8a.exe : fatal error LNK1120: 1 unresolved externals [C:\Users\nfgol\ITU_GProg\SkullBasherTD\SRE_project\thirdparty\All\libsndfile_build\CMakeFiles\CMakeTmp\cmTC_f7f8a.vcxproj]



Determining if the S_IRGRP exist failed with the following output:
Change Dir: C:/Users/nfgol/ITU_GProg/SkullBasherTD/SRE_project/thirdparty/All/libsndfile_build/CMakeFiles/CMakeTmp

Run Build Command(s):C:/Program Files (x86)/Microsoft Visual Studio/2019/Community/MSBuild/Current/Bin/MSBuild.exe cmTC_130d0.vcxproj /p:Configuration=Debug /p:Platform=Win32 /p:VisualStudioVersion=16.0 /v:m && Microsoft (R) Build Engine version 16.7.0+b89cb5fde for .NET Framework
Copyright (C) Microsoft Corporation. All rights reserved.

  Microsoft (R) C/C++ Optimizing Compiler Version 19.27.29112 for x86
  CheckSymbolExists.c
  Copyright (C) Microsoft Corporation.  All rights reserved.
  cl /c /Zi /W3 /WX- /diagnostics:column /Od /Ob0 /Oy- /D WIN32 /D _WINDOWS /D "CMAKE_INTDIR=\"Debug\"" /D _MBCS /Gm- /RTC1 /MDd /GS /fp:precise /Zc:wchar_t /Zc:forScope /Zc:inline /Fo"cmTC_130d0.dir\Debug\\" /Fd"cmTC_130d0.dir\Debug\vc142.pdb" /Gd /TC /analyze- /errorReport:queue C:\Users\nfgol\ITU_GProg\SkullBasherTD\SRE_project\thirdparty\All\libsndfile_build\CMakeFiles\CMakeTmp\CheckSymbolExists.c
C:\Users\nfgol\ITU_GProg\SkullBasherTD\SRE_project\thirdparty\All\libsndfile_build\CMakeFiles\CMakeTmp\CheckSymbolExists.c(8,26): error C2065: 'S_IRGRP': undeclared identifier [C:\Users\nfgol\ITU_GProg\SkullBasherTD\SRE_project\thirdparty\All\libsndfile_build\CMakeFiles\CMakeTmp\cmTC_130d0.vcxproj]


File C:/Users/nfgol/ITU_GProg/SkullBasherTD/SRE_project/thirdparty/All/libsndfile_build/CMakeFiles/CMakeTmp/CheckSymbolExists.c:
/* */
#include <sys/stat.h>

int main(int argc, char** argv)
{
  (void)argv;
#ifndef S_IRGRP
  return ((int*)(&S_IRGRP))[argc];
#else
  (void)argc;
  return 0;
#endif
}
Performing C SOURCE FILE Test CPU_CLIPS_POSITIVE failed with the following compile output:
Change Dir: C:/Users/nfgol/ITU_GProg/SkullBasherTD/SRE_project/thirdparty/All/libsndfile_build/CMakeFiles/CMakeTmp

Run Build Command(s):C:/Program Files (x86)/Microsoft Visual Studio/2019/Community/MSBuild/Current/Bin/MSBuild.exe cmTC_6b6e0.vcxproj /p:Configuration=Debug /p:Platform=Win32 /p:VisualStudioVersion=16.0 /v:m && Microsoft (R) Build Engine version 16.7.0+b89cb5fde for .NET Framework
Copyright (C) Microsoft Corporation. All rights reserved.

  Microsoft (R) C/C++ Optimizing Compiler Version 19.27.29112 for x86
  src.c
  Copyright (C) Microsoft Corporation.  All rights reserved.
  cl /c /Zi /W3 /WX- /diagnostics:column /Od /Ob0 /Oy- /D WIN32 /D _WINDOWS /D CPU_CLIPS_POSITIVE /D "CMAKE_INTDIR=\"Debug\"" /D _MBCS /Gm- /RTC1 /MDd /GS /fp:precise /Zc:wchar_t /Zc:forScope /Zc:inline /Fo"cmTC_6b6e0.dir\Debug\\" /Fd"cmTC_6b6e0.dir\Debug\vc142.pdb" /Gd /TC /analyze- /errorReport:queue C:\Users\nfgol\ITU_GProg\SkullBasherTD\SRE_project\thirdparty\All\libsndfile_build\CMakeFiles\CMakeTmp\src.c
  cmTC_6b6e0.vcxproj -> C:\Users\nfgol\ITU_GProg\SkullBasherTD\SRE_project\thirdparty\All\libsndfile_build\CMakeFiles\CMakeTmp\Debug\cmTC_6b6e0.exe


...and run output:

Return value: 1
Source file was:

			#define	_ISOC9X_SOURCE	1
			#define _ISOC99_SOURCE	1
			#define	__USE_ISOC99	1
			#define __USE_ISOC9X	1
			#include <math.h>
			int main (void)
			{	double	fval ;
				int k, ival ;

				fval = 1.0 * 0x7FFFFFFF ;
				for (k = 0 ; k < 100 ; k++)
				{	ival = (lrint (fval)) >> 24 ;
					if (ival != 127)
						return 1 ;
				
					fval *= 1.2499999 ;
					} ;
				
					return 0 ;
				}
			
Performing C SOURCE FILE Test CPU_CLIPS_NEGATIVE failed with the following compile output:
Change Dir: C:/Users/nfgol/ITU_GProg/SkullBasherTD/SRE_project/thirdparty/All/libsndfile_build/CMakeFiles/CMakeTmp

Run Build Command(s):C:/Program Files (x86)/Microsoft Visual Studio/2019/Community/MSBuild/Current/Bin/MSBuild.exe cmTC_88747.vcxproj /p:Configuration=Debug /p:Platform=Win32 /p:VisualStudioVersion=16.0 /v:m && Microsoft (R) Build Engine version 16.7.0+b89cb5fde for .NET Framework
Copyright (C) Microsoft Corporation. All rights reserved.

  Microsoft (R) C/C++ Optimizing Compiler Version 19.27.29112 for x86
  src.c
  Copyright (C) Microsoft Corporation.  All rights reserved.
  cl /c /Zi /W3 /WX- /diagnostics:column /Od /Ob0 /Oy- /D WIN32 /D _WINDOWS /D CPU_CLIPS_NEGATIVE /D "CMAKE_INTDIR=\"Debug\"" /D _MBCS /Gm- /RTC1 /MDd /GS /fp:precise /Zc:wchar_t /Zc:forScope /Zc:inline /Fo"cmTC_88747.dir\Debug\\" /Fd"cmTC_88747.dir\Debug\vc142.pdb" /Gd /TC /analyze- /errorReport:queue C:\Users\nfgol\ITU_GProg\SkullBasherTD\SRE_project\thirdparty\All\libsndfile_build\CMakeFiles\CMakeTmp\src.c
  cmTC_88747.vcxproj -> C:\Users\nfgol\ITU_GProg\SkullBasherTD\SRE_project\thirdparty\All\libsndfile_build\CMakeFiles\CMakeTmp\Debug\cmTC_88747.exe


...and run output:

Return value: 1
Source file was:

			#define	_ISOC9X_SOURCE	1
			#define _ISOC99_SOURCE	1
			#define	__USE_ISOC99	1
			#define __USE_ISOC9X	1
			#include <math.h>
			int main (void)
			{	double	fval ;
				int k, ival ;

				fval = -8.0 * 0x10000000 ;
				for (k = 0 ; k < 100 ; k++)
				{	ival = (lrint (fval)) >> 24 ;
					if (ival != -128)
						return 1 ;
				
					fval *= 1.2499999 ;
					} ;
				
					return 0 ;
				}
			
